Log file open, 03/10/20 09:16:51
LogWindows: Failed to load 'aqProf.dll' (GetLastError=126)
LogWindows: File 'aqProf.dll' does not exist
LogWindows: Failed to load 'VtuneApi.dll' (GetLastError=126)
LogWindows: File 'VtuneApi.dll' does not exist
LogWindows: Failed to load 'VtuneApi32e.dll' (GetLastError=126)
LogWindows: File 'VtuneApi32e.dll' does not exist
LogConsoleResponse: Display: Failed to find resolution value strings in scalability ini. Falling back to default.
LogInit: Display: Running engine for game: MyProject
LogPakFile: Registered encryption key '00000000000000000000000000000000': 0 pak files mounted, 0 remain pending
LogPlatformFile: Not using cached read wrapper
LogTaskGraph: Started task graph with 5 named threads and 23 total threads with 3 sets of task threads.
LogStats: Stats thread started at 0.330668
LogD3D11RHI: Loaded GFSDK_Aftermath_Lib.x64.dll
LogICUInternationalization: ICU TimeZone Detection - Raw Offset: +0:00, Platform Override: ''
LogPluginManager: Mounting plugin Paper2D
LogPluginManager: Mounting plugin AISupport
LogPluginManager: Mounting plugin LightPropagationVolume
LogPluginManager: Mounting plugin ActorLayerUtilities
LogPluginManager: Mounting plugin AnimationSharing
LogPluginManager: Mounting plugin CLionSourceCodeAccess
LogPluginManager: Mounting plugin CodeLiteSourceCodeAccess
LogPluginManager: Mounting plugin GitSourceControl
LogPluginManager: Mounting plugin KDevelopSourceCodeAccess
LogPluginManager: Mounting plugin NullSourceCodeAccess
LogPluginManager: Mounting plugin PerforceSourceControl
LogPluginManager: Mounting plugin SubversionSourceControl
LogPluginManager: Mounting plugin UObjectPlugin
LogPluginManager: Mounting plugin VisualStudioCodeSourceCodeAccess
LogPluginManager: Mounting plugin VisualStudioSourceCodeAccess
LogPluginManager: Mounting plugin XCodeSourceCodeAccess
LogPluginManager: Mounting plugin AssetManagerEditor
LogPluginManager: Mounting plugin CryptoKeys
LogPluginManager: Mounting plugin DataValidation
LogPluginManager: Mounting plugin FacialAnimation
LogPluginManager: Mounting plugin GameplayTagsEditor
LogPluginManager: Mounting plugin MacGraphicsSwitching
LogPluginManager: Mounting plugin MaterialAnalyzer
LogPluginManager: Mounting plugin MobileLauncherProfileWizard
LogPluginManager: Mounting plugin PluginBrowser
LogPluginManager: Mounting plugin SpeedTreeImporter
LogPluginManager: Mounting plugin DatasmithContent
LogPluginManager: Mounting plugin VariantManagerContent
LogPluginManager: Mounting plugin AlembicImporter
LogPluginManager: Mounting plugin AppleImageUtils
LogPluginManager: Mounting plugin AppleVision
LogPluginManager: Mounting plugin BackChannel
LogPluginManager: Mounting plugin CharacterAI
LogPluginManager: Mounting plugin GeometryCache
LogPluginManager: Mounting plugin HTML5Networking
LogPluginManager: Mounting plugin ProxyLODPlugin
LogPluginManager: Mounting plugin SkeletalReduction
LogPluginManager: Mounting plugin MagicLeap
LogPluginManager: Mounting plugin MagicLeapMedia
LogPluginManager: Mounting plugin AndroidMedia
LogPluginManager: Mounting plugin AvfMedia
LogPluginManager: Mounting plugin ImgMedia
LogPluginManager: Mounting plugin LinearTimecode
LogPluginManager: Mounting plugin MediaCompositing
LogPluginManager: Mounting plugin MediaPlayerEditor
LogPluginManager: Mounting plugin WebMMedia
LogPluginManager: Mounting plugin WmfMedia
LogPluginManager: Mounting plugin TcpMessaging
LogPluginManager: Mounting plugin UdpMessaging
LogPluginManager: Mounting plugin ActorSequence
LogPluginManager: Mounting plugin LevelSequenceEditor
LogPluginManager: Mounting plugin MatineeToLevelSequence
LogPluginManager: Mounting plugin NetcodeUnitTest
LogPluginManager: Mounting plugin NUTUnrealEngine4
LogPluginManager: Mounting plugin OnlineSubsystemGooglePlay
LogPluginManager: Mounting plugin OnlineSubsystemIOS
LogPluginManager: Mounting plugin OnlineSubsystem
LogPluginManager: Mounting plugin OnlineSubsystemNull
LogPluginManager: Mounting plugin OnlineSubsystemUtils
LogPluginManager: Mounting plugin LauncherChunkInstaller
LogPluginManager: Mounting plugin AndroidDeviceProfileSelector
LogPluginManager: Mounting plugin AndroidMoviePlayer
LogPluginManager: Mounting plugin AndroidPermission
LogPluginManager: Mounting plugin AppleMoviePlayer
LogPluginManager: Mounting plugin ArchVisCharacter
LogPluginManager: Mounting plugin AudioCapture
LogPluginManager: Mounting plugin CableComponent
LogPluginManager: Mounting plugin CustomMeshComponent
LogPluginManager: Mounting plugin EditableMesh
LogPluginManager: Mounting plugin ExampleDeviceProfileSelector
LogPluginManager: Mounting plugin Firebase
LogPluginManager: Mounting plugin GoogleCloudMessaging
LogPluginManager: Mounting plugin IOSDeviceProfileSelector
LogPluginManager: Mounting plugin LinuxDeviceProfileSelector
LogPluginManager: Mounting plugin LocationServicesBPLibrary
LogPluginManager: Mounting plugin MobilePatchingUtils
LogPluginManager: Mounting plugin OculusVR
LogPluginManager: Mounting plugin PhysXVehicles
LogPluginManager: Mounting plugin ProceduralMeshComponent
LogPluginManager: Mounting plugin RuntimePhysXCooking
LogPluginManager: Mounting plugin SignificanceManager
LogPluginManager: Mounting plugin SteamVR
LogPluginManager: Mounting plugin WebMMoviePlayer
LogPluginManager: Mounting plugin WindowsMoviePlayer
LogInit: Using libcurl 7.55.1-DEV
LogInit:  - built for x86_64-pc-win32
LogInit:  - supports SSL with OpenSSL/1.1.1
LogInit:  - supports HTTP deflate (compression) using libz 1.2.8
LogInit:  - other features:
LogInit:      CURL_VERSION_SSL
LogInit:      CURL_VERSION_LIBZ
LogInit:      CURL_VERSION_IPV6
LogInit:      CURL_VERSION_ASYNCHDNS
LogInit:      CURL_VERSION_LARGEFILE
LogInit:      CURL_VERSION_IDN
LogInit:  CurlRequestOptions (configurable via config and command line):
LogInit:  - bVerifyPeer = true  - Libcurl will verify peer certificate
LogInit:  - bUseHttpProxy = false  - Libcurl will NOT use HTTP proxy
LogInit:  - bDontReuseConnections = false  - Libcurl will reuse connections
LogInit:  - MaxHostConnections = 16  - Libcurl will limit the number of connections to a host
LogInit:  - LocalHostAddr = Default
LogInit:  - BufferSize = 65536
LogInit: WinSock: version 1.1 (2.2), MaxSocks=32767, MaxUdp=65467
LogInit: Build: ++UE4+Release-4.22-CL-7053642
LogInit: Engine Version: 4.22.3-7053642+++UE4+Release-4.22
LogInit: Compatible Engine Version: 4.22.0-5660361+++UE4+Release-4.22
LogInit: Net CL: 5660361
LogInit: OS: Windows 10 (Release 1809) (), CPU: Intel(R) Core(TM) i7-6700 CPU @ 3.40GHz, GPU: NVIDIA GeForce GTX 750 Ti
LogInit: Compiled (64-bit): Jun 18 2019 03:09:11
LogInit: Compiled with Visual C++: 19.16.27025.01
LogInit: Build Configuration: Development
LogInit: Branch Name: ++UE4+Release-4.22
LogInit: Command Line: 
LogInit: Base Directory: C:/Program Files/Epic Games/UE_4.22/Engine/Binaries/Win64/
LogInit: Installed Engine Build: 1
LogDevObjectVersion: Number of dev versions registered: 23
LogDevObjectVersion:   Dev-Blueprints (B0D832E4-1F89-4F0D-ACCF-7EB736FD4AA2): 10
LogDevObjectVersion:   Dev-Build (E1C64328-A22C-4D53-A36C-8E866417BD8C): 0
LogDevObjectVersion:   Dev-Core (375EC13C-06E4-48FB-B500-84F0262A717E): 3
LogDevObjectVersion:   Dev-Editor (E4B068ED-F494-42E9-A231-DA0B2E46BB41): 30
LogDevObjectVersion:   Dev-Framework (CFFC743F-43B0-4480-9391-14DF171D2073): 35
LogDevObjectVersion:   Dev-Mobile (B02B49B5-BB20-44E9-A304-32B752E40360): 2
LogDevObjectVersion:   Dev-Networking (A4E4105C-59A1-49B5-A7C5-40C4547EDFEE): 0
LogDevObjectVersion:   Dev-Online (39C831C9-5AE6-47DC-9A44-9C173E1C8E7C): 0
LogDevObjectVersion:   Dev-Physics (78F01B33-EBEA-4F98-B9B4-84EACCB95AA2): 0
LogDevObjectVersion:   Dev-Platform (6631380F-2D4D-43E0-8009-CF276956A95A): 0
LogDevObjectVersion:   Dev-Rendering (12F88B9F-8875-4AFC-A67C-D90C383ABD29): 28
LogDevObjectVersion:   Dev-Sequencer (7B5AE74C-D270-4C10-A958-57980B212A5A): 11
LogDevObjectVersion:   Dev-VR (D7296918-1DD6-4BDD-9DE2-64A83CC13884): 2
LogDevObjectVersion:   Dev-LoadTimes (C2A15278-BFE7-4AFE-6C17-90FF531DF755): 1
LogDevObjectVersion:   Private-Geometry (6EACA3D4-40EC-4CC1-B786-8BED09428FC5): 3
LogDevObjectVersion:   Dev-AnimPhys (29E575DD-E0A3-4627-9D10-D276232CDCEA): 17
LogDevObjectVersion:   Dev-Anim (AF43A65D-7FD3-4947-9873-3E8ED9C1BB05): 2
LogDevObjectVersion:   Dev-ReflectionCapture (6B266CEC-1EC7-4B8F-A30B-E4D90942FC07): 1
LogDevObjectVersion:   Dev-Automation (0DF73D61-A23F-47EA-B727-89E90C41499A): 1
LogDevObjectVersion:   FortniteMain (601D1886-AC64-4F84-AA16-D3DE0DEAC7D6): 25
LogDevObjectVersion:   Dev-Enterprise (9DFFBCD6-494F-0158-E221-12823C92A888): 6
LogDevObjectVersion:   Dev-Niagara (F2AED0AC-9AFE-416F-8664-AA7FFA26D6FC): 1
LogDevObjectVersion:   Dev-Destruction (174F1F0B-B4C6-45A5-B13F-2EE8D0FB917D): 2
LogInit: Presizing for max 16777216 objects, including 0 objects not considered by GC, pre-allocating 0 bytes for permanent pool.
LogInit: Object subsystem initialized
LogConfig: Setting CVar [[con.DebugEarlyDefault:1]]
LogConfig: Setting CVar [[r.setres:1280x720]]
[2020.03.10-09.16.52:054][  0]LogConfig: Setting CVar [[r.VSync:0]]
[2020.03.10-09.16.52:054][  0]LogConfig: Setting CVar [[r.RHICmdBypass:0]]
[2020.03.10-09.16.52:054][  0]LogConfig: Applying CVar settings from Section [/Script/Engine.RendererSettings] File [D:/Master/GART250/z.Unreal/GART250/GART250 - Office/Saved/Config/Windows/Engine.ini]
[2020.03.10-09.16.52:054][  0]LogConfig: Setting CVar [[r.GPUCrashDebugging:0]]
[2020.03.10-09.16.52:054][  0]LogConfig: Setting CVar [[r.DefaultFeature.AutoExposure.ExtendDefaultLuminanceRange:1]]
[2020.03.10-09.16.52:054][  0]LogConfig: Setting CVar [[r.DefaultFeature.AutoExposure:0]]
[2020.03.10-09.16.52:054][  0]LogConfig: Setting CVar [[r.ReflectionCaptureResolution:512]]
[2020.03.10-09.16.52:054][  0]LogConfig: Applying CVar settings from Section [/Script/Engine.RendererOverrideSettings] File [D:/Master/GART250/z.Unreal/GART250/GART250 - Office/Saved/Config/Windows/Engine.ini]
[2020.03.10-09.16.52:054][  0]LogConfig: Applying CVar settings from Section [/Script/Engine.StreamingSettings] File [D:/Master/GART250/z.Unreal/GART250/GART250 - Office/Saved/Config/Windows/Engine.ini]
[2020.03.10-09.16.52:054][  0]LogConfig: Setting CVar [[s.MinBulkDataSizeForAsyncLoading:131072]]
[2020.03.10-09.16.52:054][  0]LogConfig: Setting CVar [[s.AsyncLoadingThreadEnabled:0]]
[2020.03.10-09.16.52:054][  0]LogConfig: Setting CVar [[s.EventDrivenLoaderEnabled:1]]
[2020.03.10-09.16.52:054][  0]LogConfig: Setting CVar [[s.WarnIfTimeLimitExceeded:0]]
[2020.03.10-09.16.52:055][  0]LogConfig: Setting CVar [[s.TimeLimitExceededMultiplier:1.5]]
[2020.03.10-09.16.52:055][  0]LogConfig: Setting CVar [[s.TimeLimitExceededMinTime:0.005]]
[2020.03.10-09.16.52:055][  0]LogConfig: Setting CVar [[s.UseBackgroundLevelStreaming:1]]
[2020.03.10-09.16.52:055][  0]LogConfig: Setting CVar [[s.PriorityAsyncLoadingExtraTime:15.0]]
[2020.03.10-09.16.52:055][  0]LogConfig: Setting CVar [[s.LevelStreamingActorsUpdateTimeLimit:5.0]]
[2020.03.10-09.16.52:055][  0]LogConfig: Setting CVar [[s.PriorityLevelStreamingActorsUpdateExtraTime:5.0]]
[2020.03.10-09.16.52:055][  0]LogConfig: Setting CVar [[s.LevelStreamingComponentsRegistrationGranularity:10]]
[2020.03.10-09.16.52:055][  0]LogConfig: Setting CVar [[s.UnregisterComponentsTimeLimit:1.0]]
[2020.03.10-09.16.52:055][  0]LogConfig: Setting CVar [[s.LevelStreamingComponentsUnregistrationGranularity:5]]
[2020.03.10-09.16.52:055][  0]LogConfig: Applying CVar settings from Section [/Script/Engine.GarbageCollectionSettings] File [D:/Master/GART250/z.Unreal/GART250/GART250 - Office/Saved/Config/Windows/Engine.ini]
[2020.03.10-09.16.52:055][  0]LogConfig: Setting CVar [[gc.MaxObjectsNotConsideredByGC:1]]
[2020.03.10-09.16.52:055][  0]LogConfig: Setting CVar [[gc.SizeOfPermanentObjectPool:0]]
[2020.03.10-09.16.52:055][  0]LogConfig: Setting CVar [[gc.FlushStreamingOnGC:0]]
[2020.03.10-09.16.52:055][  0]LogConfig: Setting CVar [[gc.NumRetriesBeforeForcingGC:10]]
[2020.03.10-09.16.52:055][  0]LogConfig: Setting CVar [[gc.AllowParallelGC:1]]
[2020.03.10-09.16.52:055][  0]LogConfig: Setting CVar [[gc.TimeBetweenPurgingPendingKillObjects:61.1]]
[2020.03.10-09.16.52:055][  0]LogConfig: Setting CVar [[gc.MaxObjectsInEditor:16777216]]
[2020.03.10-09.16.52:055][  0]LogConfig: Setting CVar [[gc.IncrementalBeginDestroyEnabled:1]]
[2020.03.10-09.16.52:055][  0]LogConfig: Setting CVar [[gc.CreateGCClusters:1]]
[2020.03.10-09.16.52:055][  0]LogConfig: Setting CVar [[gc.MinGCClusterSize:5]]
[2020.03.10-09.16.52:055][  0]LogConfig: Setting CVar [[gc.ActorClusteringEnabled:0]]
[2020.03.10-09.16.52:055][  0]LogConfig: Setting CVar [[gc.BlueprintClusteringEnabled:0]]
[2020.03.10-09.16.52:055][  0]LogConfig: Setting CVar [[gc.UseDisregardForGCOnDedicatedServers:0]]
[2020.03.10-09.16.52:055][  0]LogConfig: Applying CVar settings from Section [/Script/Engine.NetworkSettings] File [D:/Master/GART250/z.Unreal/GART250/GART250 - Office/Saved/Config/Windows/Engine.ini]
[2020.03.10-09.16.52:055][  0]LogConfig: Applying CVar settings from Section [/Script/UnrealEd.CookerSettings] File [D:/Master/GART250/z.Unreal/GART250/GART250 - Office/Saved/Config/Windows/Engine.ini]
[2020.03.10-09.16.52:061][  0]LogConfig: Applying CVar settings from Section [ViewDistanceQuality@3] File [D:/Master/GART250/z.Unreal/GART250/GART250 - Office/Saved/Config/Windows/Scalability.ini]
[2020.03.10-09.16.52:061][  0]LogConfig: Setting CVar [[r.SkeletalMeshLODBias:0]]
[2020.03.10-09.16.52:061][  0]LogConfig: Setting CVar [[r.ViewDistanceScale:1.0]]
[2020.03.10-09.16.52:061][  0]LogConfig: Applying CVar settings from Section [AntiAliasingQuality@3] File [D:/Master/GART250/z.Unreal/GART250/GART250 - Office/Saved/Config/Windows/Scalability.ini]
[2020.03.10-09.16.52:061][  0]LogConfig: Setting CVar [[r.PostProcessAAQuality:4]]
[2020.03.10-09.16.52:061][  0]LogConfig: Applying CVar settings from Section [ShadowQuality@3] File [D:/Master/GART250/z.Unreal/GART250/GART250 - Office/Saved/Config/Windows/Scalability.ini]
[2020.03.10-09.16.52:061][  0]LogConfig: Setting CVar [[r.LightFunctionQuality:1]]
[2020.03.10-09.16.52:061][  0]LogConfig: Setting CVar [[r.ShadowQuality:5]]
[2020.03.10-09.16.52:061][  0]LogConfig: Setting CVar [[r.Shadow.CSM.MaxCascades:10]]
[2020.03.10-09.16.52:061][  0]LogConfig: Setting CVar [[r.Shadow.MaxResolution:2048]]
[2020.03.10-09.16.52:061][  0]LogConfig: Setting CVar [[r.Shadow.MaxCSMResolution:2048]]
[2020.03.10-09.16.52:061][  0]LogConfig: Setting CVar [[r.Shadow.RadiusThreshold:0.01]]
[2020.03.10-09.16.52:061][  0]LogConfig: Setting CVar [[r.Shadow.DistanceScale:1.0]]
[2020.03.10-09.16.52:061][  0]LogConfig: Setting CVar [[r.Shadow.CSM.TransitionScale:1.0]]
[2020.03.10-09.16.52:061][  0]LogConfig: Setting CVar [[r.Shadow.PreShadowResolutionFactor:1.0]]
[2020.03.10-09.16.52:061][  0]LogConfig: Setting CVar [[r.DistanceFieldShadowing:1]]
[2020.03.10-09.16.52:061][  0]LogConfig: Setting CVar [[r.DistanceFieldAO:1]]
[2020.03.10-09.16.52:061][  0]LogConfig: Setting CVar [[r.AOQuality:2]]
[2020.03.10-09.16.52:061][  0]LogConfig: Setting CVar [[r.VolumetricFog:1]]
[2020.03.10-09.16.52:061][  0]LogConfig: Setting CVar [[r.VolumetricFog.GridPixelSize:8]]
[2020.03.10-09.16.52:061][  0]LogConfig: Setting CVar [[r.VolumetricFog.GridSizeZ:128]]
[2020.03.10-09.16.52:061][  0]LogConfig: Setting CVar [[r.VolumetricFog.HistoryMissSupersampleCount:4]]
[2020.03.10-09.16.52:061][  0]LogConfig: Setting CVar [[r.LightMaxDrawDistanceScale:1]]
[2020.03.10-09.16.52:061][  0]LogConfig: Setting CVar [[r.CapsuleShadows:1]]
[2020.03.10-09.16.52:061][  0]LogConfig: Applying CVar settings from Section [PostProcessQuality@3] File [D:/Master/GART250/z.Unreal/GART250/GART250 - Office/Saved/Config/Windows/Scalability.ini]
[2020.03.10-09.16.52:061][  0]LogConfig: Setting CVar [[r.MotionBlurQuality:4]]
[2020.03.10-09.16.52:061][  0]LogConfig: Setting CVar [[r.AmbientOcclusionMipLevelFactor:0.4]]
[2020.03.10-09.16.52:061][  0]LogConfig: Setting CVar [[r.AmbientOcclusionMaxQuality:100]]
[2020.03.10-09.16.52:061][  0]LogConfig: Setting CVar [[r.AmbientOcclusionLevels:-1]]
[2020.03.10-09.16.52:061][  0]LogConfig: Setting CVar [[r.AmbientOcclusionRadiusScale:1.0]]
[2020.03.10-09.16.52:061][  0]LogConfig: Setting CVar [[r.DepthOfFieldQuality:2]]
[2020.03.10-09.16.52:061][  0]LogConfig: Setting CVar [[r.RenderTargetPoolMin:400]]
[2020.03.10-09.16.52:061][  0]LogConfig: Setting CVar [[r.LensFlareQuality:2]]
[2020.03.10-09.16.52:061][  0]LogConfig: Setting CVar [[r.SceneColorFringeQuality:1]]
[2020.03.10-09.16.52:061][  0]LogConfig: Setting CVar [[r.EyeAdaptationQuality:2]]
[2020.03.10-09.16.52:061][  0]LogConfig: Setting CVar [[r.BloomQuality:5]]
[2020.03.10-09.16.52:061][  0]LogConfig: Setting CVar [[r.FastBlurThreshold:100]]
[2020.03.10-09.16.52:061][  0]LogConfig: Setting CVar [[r.Upscale.Quality:3]]
[2020.03.10-09.16.52:061][  0]LogConfig: Setting CVar [[r.Tonemapper.GrainQuantization:1]]
[2020.03.10-09.16.52:061][  0]LogConfig: Setting CVar [[r.LightShaftQuality:1]]
[2020.03.10-09.16.52:061][  0]LogConfig: Setting CVar [[r.Filter.SizeScale:1]]
[2020.03.10-09.16.52:061][  0]LogConfig: Setting CVar [[r.Tonemapper.Quality:5]]
[2020.03.10-09.16.52:061][  0]LogConfig: Setting CVar [[r.DOF.Gather.AccumulatorQuality:1        ; higher gathering accumulator quality]]
[2020.03.10-09.16.52:061][  0]LogConfig: Setting CVar [[r.DOF.Gather.PostfilterMethod:1          ; Median3x3 postfilering method]]
[2020.03.10-09.16.52:061][  0]LogConfig: Setting CVar [[r.DOF.Gather.EnableBokehSettings:0       ; no bokeh simulation when gathering]]
[2020.03.10-09.16.52:061][  0]LogConfig: Setting CVar [[r.DOF.Gather.RingCount:4                 ; medium number of samples when gathering]]
[2020.03.10-09.16.52:061][  0]LogConfig: Setting CVar [[r.DOF.Scatter.ForegroundCompositing:1    ; additive foreground scattering]]
[2020.03.10-09.16.52:061][  0]LogConfig: Setting CVar [[r.DOF.Scatter.BackgroundCompositing:2    ; additive background scattering]]
[2020.03.10-09.16.52:061][  0]LogConfig: Setting CVar [[r.DOF.Scatter.EnableBokehSettings:1      ; bokeh simulation when scattering]]
[2020.03.10-09.16.52:061][  0]LogConfig: Setting CVar [[r.DOF.Scatter.MaxSpriteRatio:0.1         ; only a maximum of 10% of scattered bokeh]]
[2020.03.10-09.16.52:061][  0]LogConfig: Setting CVar [[r.DOF.Recombine.Quality:1                ; cheap slight out of focus]]
[2020.03.10-09.16.52:061][  0]LogConfig: Setting CVar [[r.DOF.Recombine.EnableBokehSettings:0    ; no bokeh simulation on slight out of focus]]
[2020.03.10-09.16.52:061][  0]LogConfig: Setting CVar [[r.DOF.TemporalAAQuality:1                ; more stable temporal accumulation]]
[2020.03.10-09.16.52:061][  0]LogConfig: Setting CVar [[r.DOF.Kernel.MaxForegroundRadius:0.025]]
[2020.03.10-09.16.52:061][  0]LogConfig: Setting CVar [[r.DOF.Kernel.MaxBackgroundRadius:0.025]]
[2020.03.10-09.16.52:061][  0]LogConfig: Applying CVar settings from Section [TextureQuality@3] File [D:/Master/GART250/z.Unreal/GART250/GART250 - Office/Saved/Config/Windows/Scalability.ini]
[2020.03.10-09.16.52:061][  0]LogConfig: Setting CVar [[r.Streaming.MipBias:0]]
[2020.03.10-09.16.52:061][  0]LogConfig: Setting CVar [[r.Streaming.AmortizeCPUToGPUCopy:0]]
[2020.03.10-09.16.52:061][  0]LogConfig: Setting CVar [[r.Streaming.MaxNumTexturesToStreamPerFrame:0]]
[2020.03.10-09.16.52:061][  0]LogConfig: Setting CVar [[r.Streaming.Boost:1]]
[2020.03.10-09.16.52:061][  0]LogConfig: Setting CVar [[r.MaxAnisotropy:8]]
[2020.03.10-09.16.52:061][  0]LogConfig: Setting CVar [[r.Streaming.LimitPoolSizeToVRAM:0]]
[2020.03.10-09.16.52:061][  0]LogConfig: Setting CVar [[r.Streaming.PoolSize:1000]]
[2020.03.10-09.16.52:061][  0]LogConfig: Setting CVar [[r.Streaming.MaxEffectiveScreenSize:0]]
[2020.03.10-09.16.52:061][  0]LogConfig: Applying CVar settings from Section [EffectsQuality@3] File [D:/Master/GART250/z.Unreal/GART250/GART250 - Office/Saved/Config/Windows/Scalability.ini]
[2020.03.10-09.16.52:061][  0]LogConfig: Setting CVar [[r.TranslucencyLightingVolumeDim:64]]
[2020.03.10-09.16.52:061][  0]LogConfig: Setting CVar [[r.RefractionQuality:2]]
[2020.03.10-09.16.52:061][  0]LogConfig: Setting CVar [[r.SSR.Quality:3]]
[2020.03.10-09.16.52:061][  0]LogConfig: Setting CVar [[r.SceneColorFormat:4]]
[2020.03.10-09.16.52:061][  0]LogConfig: Setting CVar [[r.DetailMode:2]]
[2020.03.10-09.16.52:062][  0]LogConfig: Setting CVar [[r.TranslucencyVolumeBlur:1]]
[2020.03.10-09.16.52:062][  0]LogConfig: Setting CVar [[r.MaterialQualityLevel:1 ; High quality]]
[2020.03.10-09.16.52:062][  0]LogConfig: Setting CVar [[r.SSS.Scale:1]]
[2020.03.10-09.16.52:062][  0]LogConfig: Setting CVar [[r.SSS.SampleSet:2]]
[2020.03.10-09.16.52:062][  0]LogConfig: Setting CVar [[r.SSS.Quality:1]]
[2020.03.10-09.16.52:062][  0]LogConfig: Setting CVar [[r.SSS.HalfRes:1]]
[2020.03.10-09.16.52:062][  0]LogConfig: Setting CVar [[r.EmitterSpawnRateScale:1.0]]
[2020.03.10-09.16.52:062][  0]LogConfig: Setting CVar [[r.ParticleLightQuality:2]]
[2020.03.10-09.16.52:062][  0]LogConfig: Applying CVar settings from Section [FoliageQuality@3] File [D:/Master/GART250/z.Unreal/GART250/GART250 - Office/Saved/Config/Windows/Scalability.ini]
[2020.03.10-09.16.52:062][  0]LogConfig: Setting CVar [[foliage.DensityScale:1.0]]
[2020.03.10-09.16.52:062][  0]LogConfig: Setting CVar [[grass.DensityScale:1.0]]
[2020.03.10-09.16.52:062][  0]LogInit: Selected Device Profile: [Windows]
[2020.03.10-09.16.52:062][  0]LogInit: Applying CVar settings loaded from the selected device profile: [Windows]
[2020.03.10-09.16.52:195][  0]LogHAL: Display: Platform has ~ 16 GB [17115729920 / 17179869184 / 16], which maps to Larger [LargestMinGB=32, LargerMinGB=12, DefaultMinGB=8, SmallerMinGB=6, SmallestMinGB=0)
[2020.03.10-09.16.52:195][  0]LogConfig: Setting CVar [[r.Vulkan.UseRealUBs:0		; Required until we fix HLR fall-out]]
[2020.03.10-09.16.52:195][  0]LogInit: Going up to parent DeviceProfile []
[2020.03.10-09.16.52:195][  0]LogConfig: Applying CVar settings from Section [ViewDistanceQuality@3] File [D:/Master/GART250/z.Unreal/GART250/GART250 - Office/Saved/Config/Windows/Scalability.ini]
[2020.03.10-09.16.52:195][  0]LogConfig: Setting CVar [[r.SkeletalMeshLODBias:0]]
[2020.03.10-09.16.52:195][  0]LogConfig: Setting CVar [[r.ViewDistanceScale:1.0]]
[2020.03.10-09.16.52:195][  0]LogConfig: Applying CVar settings from Section [AntiAliasingQuality@3] File [D:/Master/GART250/z.Unreal/GART250/GART250 - Office/Saved/Config/Windows/Scalability.ini]
[2020.03.10-09.16.52:195][  0]LogConfig: Setting CVar [[r.PostProcessAAQuality:4]]
[2020.03.10-09.16.52:195][  0]LogConfig: Applying CVar settings from Section [ShadowQuality@3] File [D:/Master/GART250/z.Unreal/GART250/GART250 - Office/Saved/Config/Windows/Scalability.ini]
[2020.03.10-09.16.52:195][  0]LogConfig: Setting CVar [[r.LightFunctionQuality:1]]
[2020.03.10-09.16.52:195][  0]LogConfig: Setting CVar [[r.ShadowQuality:5]]
[2020.03.10-09.16.52:195][  0]LogConfig: Setting CVar [[r.Shadow.CSM.MaxCascades:10]]
[2020.03.10-09.16.52:195][  0]LogConfig: Setting CVar [[r.Shadow.MaxResolution:2048]]
[2020.03.10-09.16.52:195][  0]LogConfig: Setting CVar [[r.Shadow.MaxCSMResolution:2048]]
[2020.03.10-09.16.52:195][  0]LogConfig: Setting CVar [[r.Shadow.RadiusThreshold:0.01]]
[2020.03.10-09.16.52:195][  0]LogConfig: Setting CVar [[r.Shadow.DistanceScale:1.0]]
[2020.03.10-09.16.52:195][  0]LogConfig: Setting CVar [[r.Shadow.CSM.TransitionScale:1.0]]
[2020.03.10-09.16.52:195][  0]LogConfig: Setting CVar [[r.Shadow.PreShadowResolutionFactor:1.0]]
[2020.03.10-09.16.52:195][  0]LogConfig: Setting CVar [[r.DistanceFieldShadowing:1]]
[2020.03.10-09.16.52:195][  0]LogConfig: Setting CVar [[r.DistanceFieldAO:1]]
[2020.03.10-09.16.52:195][  0]LogConfig: Setting CVar [[r.AOQuality:2]]
[2020.03.10-09.16.52:195][  0]LogConfig: Setting CVar [[r.VolumetricFog:1]]
[2020.03.10-09.16.52:195][  0]LogConfig: Setting CVar [[r.VolumetricFog.GridPixelSize:8]]
[2020.03.10-09.16.52:195][  0]LogConfig: Setting CVar [[r.VolumetricFog.GridSizeZ:128]]
[2020.03.10-09.16.52:195][  0]LogConfig: Setting CVar [[r.VolumetricFog.HistoryMissSupersampleCount:4]]
[2020.03.10-09.16.52:196][  0]LogConfig: Setting CVar [[r.LightMaxDrawDistanceScale:1]]
[2020.03.10-09.16.52:196][  0]LogConfig: Setting CVar [[r.CapsuleShadows:1]]
[2020.03.10-09.16.52:196][  0]LogConfig: Applying CVar settings from Section [PostProcessQuality@3] File [D:/Master/GART250/z.Unreal/GART250/GART250 - Office/Saved/Config/Windows/Scalability.ini]
[2020.03.10-09.16.52:196][  0]LogConfig: Setting CVar [[r.MotionBlurQuality:4]]
[2020.03.10-09.16.52:196][  0]LogConfig: Setting CVar [[r.AmbientOcclusionMipLevelFactor:0.4]]
[2020.03.10-09.16.52:196][  0]LogConfig: Setting CVar [[r.AmbientOcclusionMaxQuality:100]]
[2020.03.10-09.16.52:196][  0]LogConfig: Setting CVar [[r.AmbientOcclusionLevels:-1]]
[2020.03.10-09.16.52:196][  0]LogConfig: Setting CVar [[r.AmbientOcclusionRadiusScale:1.0]]
[2020.03.10-09.16.52:196][  0]LogConfig: Setting CVar [[r.DepthOfFieldQuality:2]]
[2020.03.10-09.16.52:196][  0]LogConfig: Setting CVar [[r.RenderTargetPoolMin:400]]
[2020.03.10-09.16.52:196][  0]LogConfig: Setting CVar [[r.LensFlareQuality:2]]
[2020.03.10-09.16.52:196][  0]LogConfig: Setting CVar [[r.SceneColorFringeQuality:1]]
[2020.03.10-09.16.52:196][  0]LogConfig: Setting CVar [[r.EyeAdaptationQuality:2]]
[2020.03.10-09.16.52:196][  0]LogConfig: Setting CVar [[r.BloomQuality:5]]
[2020.03.10-09.16.52:196][  0]LogConfig: Setting CVar [[r.FastBlurThreshold:100]]
[2020.03.10-09.16.52:196][  0]LogConfig: Setting CVar [[r.Upscale.Quality:3]]
[2020.03.10-09.16.52:196][  0]LogConfig: Setting CVar [[r.Tonemapper.GrainQuantization:1]]
[2020.03.10-09.16.52:196][  0]LogConfig: Setting CVar [[r.LightShaftQuality:1]]
[2020.03.10-09.16.52:196][  0]LogConfig: Setting CVar [[r.Filter.SizeScale:1]]
[2020.03.10-09.16.52:196][  0]LogConfig: Setting CVar [[r.Tonemapper.Quality:5]]
[2020.03.10-09.16.52:196][  0]LogConfig: Setting CVar [[r.DOF.Gather.AccumulatorQuality:1        ; higher gathering accumulator quality]]
[2020.03.10-09.16.52:196][  0]LogConfig: Setting CVar [[r.DOF.Gather.PostfilterMethod:1          ; Median3x3 postfilering method]]
[2020.03.10-09.16.52:196][  0]LogConfig: Setting CVar [[r.DOF.Gather.EnableBokehSettings:0       ; no bokeh simulation when gathering]]
[2020.03.10-09.16.52:196][  0]LogConfig: Setting CVar [[r.DOF.Gather.RingCount:4                 ; medium number of samples when gathering]]
[2020.03.10-09.16.52:196][  0]LogConfig: Setting CVar [[r.DOF.Scatter.ForegroundCompositing:1    ; additive foreground scattering]]
[2020.03.10-09.16.52:196][  0]LogConfig: Setting CVar [[r.DOF.Scatter.BackgroundCompositing:2    ; additive background scattering]]
[2020.03.10-09.16.52:196][  0]LogConfig: Setting CVar [[r.DOF.Scatter.EnableBokehSettings:1      ; bokeh simulation when scattering]]
[2020.03.10-09.16.52:196][  0]LogConfig: Setting CVar [[r.DOF.Scatter.MaxSpriteRatio:0.1         ; only a maximum of 10% of scattered bokeh]]
[2020.03.10-09.16.52:196][  0]LogConfig: Setting CVar [[r.DOF.Recombine.Quality:1                ; cheap slight out of focus]]
[2020.03.10-09.16.52:196][  0]LogConfig: Setting CVar [[r.DOF.Recombine.EnableBokehSettings:0    ; no bokeh simulation on slight out of focus]]
[2020.03.10-09.16.52:196][  0]LogConfig: Setting CVar [[r.DOF.TemporalAAQuality:1                ; more stable temporal accumulation]]
[2020.03.10-09.16.52:196][  0]LogConfig: Setting CVar [[r.DOF.Kernel.MaxForegroundRadius:0.025]]
[2020.03.10-09.16.52:196][  0]LogConfig: Setting CVar [[r.DOF.Kernel.MaxBackgroundRadius:0.025]]
[2020.03.10-09.16.52:196][  0]LogConfig: Applying CVar settings from Section [TextureQuality@3] File [D:/Master/GART250/z.Unreal/GART250/GART250 - Office/Saved/Config/Windows/Scalability.ini]
[2020.03.10-09.16.52:196][  0]LogConfig: Setting CVar [[r.Streaming.MipBias:0]]
[2020.03.10-09.16.52:196][  0]LogConfig: Setting CVar [[r.Streaming.AmortizeCPUToGPUCopy:0]]
[2020.03.10-09.16.52:196][  0]LogConfig: Setting CVar [[r.Streaming.MaxNumTexturesToStreamPerFrame:0]]
[2020.03.10-09.16.52:196][  0]LogConfig: Setting CVar [[r.Streaming.Boost:1]]
[2020.03.10-09.16.52:196][  0]LogConfig: Setting CVar [[r.MaxAnisotropy:8]]
[2020.03.10-09.16.52:196][  0]LogConfig: Setting CVar [[r.Streaming.LimitPoolSizeToVRAM:0]]
[2020.03.10-09.16.52:196][  0]LogConfig: Setting CVar [[r.Streaming.PoolSize:1000]]
[2020.03.10-09.16.52:196][  0]LogConfig: Setting CVar [[r.Streaming.MaxEffectiveScreenSize:0]]
[2020.03.10-09.16.52:196][  0]LogConfig: Applying CVar settings from Section [EffectsQuality@3] File [D:/Master/GART250/z.Unreal/GART250/GART250 - Office/Saved/Config/Windows/Scalability.ini]
[2020.03.10-09.16.52:196][  0]LogConfig: Setting CVar [[r.TranslucencyLightingVolumeDim:64]]
[2020.03.10-09.16.52:196][  0]LogConfig: Setting CVar [[r.RefractionQuality:2]]
[2020.03.10-09.16.52:196][  0]LogConfig: Setting CVar [[r.SSR.Quality:3]]
[2020.03.10-09.16.52:196][  0]LogConfig: Setting CVar [[r.SceneColorFormat:4]]
[2020.03.10-09.16.52:196][  0]LogConfig: Setting CVar [[r.DetailMode:2]]
[2020.03.10-09.16.52:196][  0]LogConfig: Setting CVar [[r.TranslucencyVolumeBlur:1]]
[2020.03.10-09.16.52:196][  0]LogConfig: Setting CVar [[r.MaterialQualityLevel:1 ; High quality]]
[2020.03.10-09.16.52:196][  0]LogConfig: Setting CVar [[r.SSS.Scale:1]]
[2020.03.10-09.16.52:196][  0]LogConfig: Setting CVar [[r.SSS.SampleSet:2]]
[2020.03.10-09.16.52:196][  0]LogConfig: Setting CVar [[r.SSS.Quality:1]]
[2020.03.10-09.16.52:196][  0]LogConfig: Setting CVar [[r.SSS.HalfRes:1]]
[2020.03.10-09.16.52:196][  0]LogConfig: Setting CVar [[r.EmitterSpawnRateScale:1.0]]
[2020.03.10-09.16.52:196][  0]LogConfig: Setting CVar [[r.ParticleLightQuality:2]]
[2020.03.10-09.16.52:196][  0]LogConfig: Applying CVar settings from Section [FoliageQuality@3] File [D:/Master/GART250/z.Unreal/GART250/GART250 - Office/Saved/Config/Windows/Scalability.ini]
[2020.03.10-09.16.52:196][  0]LogConfig: Setting CVar [[foliage.DensityScale:1.0]]
[2020.03.10-09.16.52:196][  0]LogConfig: Setting CVar [[grass.DensityScale:1.0]]
[2020.03.10-09.16.52:196][  0]LogConfig: Applying CVar settings from Section [Startup] File [../../../Engine/Config/ConsoleVariables.ini]
[2020.03.10-09.16.52:204][  0]LogConfig: Setting CVar [[net.UseAdaptiveNetUpdateFrequency:0]]
[2020.03.10-09.16.52:204][  0]LogConfig: Setting CVar [[p.chaos.AllowCreatePhysxBodies:1]]
[2020.03.10-09.16.52:204][  0]LogConfig: Applying CVar settings from Section [ConsoleVariables] File [D:/Master/GART250/z.Unreal/GART250/GART250 - Office/Saved/Config/Windows/Engine.ini]
[2020.03.10-09.16.52:204][  0]LogInit: Computer: 052TGADS-59625
[2020.03.10-09.16.52:204][  0]LogInit: User: eg215252
[2020.03.10-09.16.52:204][  0]LogInit: CPU Page size=4096, Cores=4
[2020.03.10-09.16.52:204][  0]LogInit: High frequency timer resolution =10.000000 MHz
[2020.03.10-09.16.52:204][  0]LogMemory: Memory total: Physical=15.9GB (16GB approx)
[2020.03.10-09.16.52:204][  0]LogMemory: Platform Memory Stats for Windows
[2020.03.10-09.16.52:204][  0]LogMemory: Process Physical Memory: 96.49 MB used, 96.50 MB peak
[2020.03.10-09.16.52:204][  0]LogMemory: Process Virtual Memory: 90.53 MB used, 90.53 MB peak
[2020.03.10-09.16.52:204][  0]LogMemory: Physical Memory: 8807.40 MB used,  7515.43 MB free, 16322.83 MB total
[2020.03.10-09.16.52:204][  0]LogMemory: Virtual Memory: 4659.38 MB used,  134213072.00 MB free, 134217728.00 MB total
[2020.03.10-09.16.52:439][  0]LogInit: Using OS detected language (en-US).
[2020.03.10-09.16.52:439][  0]LogInit: Using OS detected locale (en-GB).
[2020.03.10-09.16.52:441][  0]LogTextLocalizationManager: No specific localization for 'en-US' exists, so the 'en' localization will be used.
[2020.03.10-09.16.52:673][  0]LogInit: Setting process to per monitor DPI aware
[2020.03.10-09.16.52:779][  0]LogSlate: New Slate User Created.  User Index 0, Is Virtual User: 0
[2020.03.10-09.16.52:779][  0]LogSlate: Slate User Registered.  User Index 0, Is Virtual User: 0
[2020.03.10-09.16.56:100][  0]LogHMD: Failed to initialize OpenVR with code 110
[2020.03.10-09.16.56:100][  0]LogD3D11RHI: D3D11 adapters:
[2020.03.10-09.16.56:193][  0]LogD3D11RHI:    0. 'NVIDIA GeForce GTX 750 Ti' (Feature Level 11_0)
[2020.03.10-09.16.56:193][  0]LogD3D11RHI:       2017/0/8161 MB DedicatedVideo/DedicatedSystem/SharedSystem, Outputs:2, VendorId:0x10de
[2020.03.10-09.16.56:196][  0]LogD3D11RHI:    1. 'Microsoft Basic Render Driver' (Feature Level 11_0)
[2020.03.10-09.16.56:196][  0]LogD3D11RHI:       0/0/8161 MB DedicatedVideo/DedicatedSystem/SharedSystem, Outputs:0, VendorId:0x1414
[2020.03.10-09.16.56:196][  0]LogD3D11RHI: Chosen D3D11 Adapter: 0
[2020.03.10-09.16.56:202][  0]LogD3D11RHI: Creating new Direct3DDevice
[2020.03.10-09.16.56:203][  0]LogD3D11RHI:     GPU DeviceId: 0x1380 (for the marketing name, search the web for "GPU Device Id")
[2020.03.10-09.16.56:203][  0]LogWindows: EnumDisplayDevices:
[2020.03.10-09.16.56:203][  0]LogWindows:    0. 'NVIDIA GeForce GTX 750 Ti' (P:0 D:1)
[2020.03.10-09.16.56:203][  0]LogWindows:    1. 'NVIDIA GeForce GTX 750 Ti' (P:1 D:1)
[2020.03.10-09.16.56:203][  0]LogWindows:    2. 'NVIDIA GeForce GTX 750 Ti' (P:0 D:0)
[2020.03.10-09.16.56:203][  0]LogWindows: DebugString: FoundDriverCount:3 
[2020.03.10-09.16.56:203][  0]LogD3D11RHI:     Adapter Name: NVIDIA GeForce GTX 750 Ti
[2020.03.10-09.16.56:204][  0]LogD3D11RHI:   Driver Version: 388.13 (internal:23.21.13.8813, unified:388.13)
[2020.03.10-09.16.56:204][  0]LogD3D11RHI:      Driver Date: 10-27-2017
[2020.03.10-09.16.56:204][  0]LogRHI: Texture pool is 1412 MB (70% of 2017 MB)
[2020.03.10-09.16.56:236][  0]LogD3D11RHI: Async texture creation enabled
[2020.03.10-09.16.56:240][  0]LogRendererCore: FGlobalReadBuffer::InitRHI
[2020.03.10-09.16.56:241][  0]LogRendererCore: FGlobalReadBuffer::InitRHI
[2020.03.10-09.16.56:241][  0]LogRendererCore: FGlobalReadBuffer::InitRHI
[2020.03.10-09.16.56:250][  0]LogD3D11RHI: GPU Timing Frequency: 1000.000000 (Debug: 2 1)
[2020.03.10-09.16.56:855][  0]LogTemp: Display: Module 'AllDesktopTargetPlatform' loaded TargetPlatform 'AllDesktop'
[2020.03.10-09.16.56:869][  0]LogTemp: Display: Module 'MacClientTargetPlatform' loaded TargetPlatform 'MacClient'
[2020.03.10-09.16.56:884][  0]LogTemp: Display: Module 'MacNoEditorTargetPlatform' loaded TargetPlatform 'MacNoEditor'
[2020.03.10-09.16.56:899][  0]LogTemp: Display: Module 'MacServerTargetPlatform' loaded TargetPlatform 'MacServer'
[2020.03.10-09.16.56:921][  0]LogTemp: Display: Module 'MacTargetPlatform' loaded TargetPlatform 'Mac'
[2020.03.10-09.16.56:935][  0]LogTemp: Display: Module 'WindowsClientTargetPlatform' loaded TargetPlatform 'WindowsClient'
[2020.03.10-09.16.56:949][  0]LogTemp: Display: Module 'WindowsNoEditorTargetPlatform' loaded TargetPlatform 'WindowsNoEditor'
[2020.03.10-09.16.56:962][  0]LogTemp: Display: Module 'WindowsServerTargetPlatform' loaded TargetPlatform 'WindowsServer'
[2020.03.10-09.16.56:969][  0]LogTemp: Display: Module 'WindowsTargetPlatform' loaded TargetPlatform 'Windows'
[2020.03.10-09.16.57:056][  0]LogTemp: Display: Module 'AndroidTargetPlatform' loaded TargetPlatform 'Android'
[2020.03.10-09.16.57:056][  0]LogTemp: Display: Module 'AndroidTargetPlatform' loaded TargetPlatform 'Android_ASTC'
[2020.03.10-09.16.57:056][  0]LogTemp: Display: Module 'AndroidTargetPlatform' loaded TargetPlatform 'Android_ATC'
[2020.03.10-09.16.57:056][  0]LogTemp: Display: Module 'AndroidTargetPlatform' loaded TargetPlatform 'Android_DXT'
[2020.03.10-09.16.57:056][  0]LogTemp: Display: Module 'AndroidTargetPlatform' loaded TargetPlatform 'Android_ETC1'
[2020.03.10-09.16.57:056][  0]LogTemp: Display: Module 'AndroidTargetPlatform' loaded TargetPlatform 'Android_ETC1a'
[2020.03.10-09.16.57:056][  0]LogTemp: Display: Module 'AndroidTargetPlatform' loaded TargetPlatform 'Android_ETC2'
[2020.03.10-09.16.57:056][  0]LogTemp: Display: Module 'AndroidTargetPlatform' loaded TargetPlatform 'Android_PVRTC'
[2020.03.10-09.16.57:056][  0]LogTemp: Display: Module 'AndroidTargetPlatform' loaded TargetPlatform 'AndroidClient'
[2020.03.10-09.16.57:056][  0]LogTemp: Display: Module 'AndroidTargetPlatform' loaded TargetPlatform 'Android_ASTCClient'
[2020.03.10-09.16.57:056][  0]LogTemp: Display: Module 'AndroidTargetPlatform' loaded TargetPlatform 'Android_ATCClient'
[2020.03.10-09.16.57:056][  0]LogTemp: Display: Module 'AndroidTargetPlatform' loaded TargetPlatform 'Android_DXTClient'
[2020.03.10-09.16.57:056][  0]LogTemp: Display: Module 'AndroidTargetPlatform' loaded TargetPlatform 'Android_ETC1Client'
[2020.03.10-09.16.57:056][  0]LogTemp: Display: Module 'AndroidTargetPlatform' loaded TargetPlatform 'Android_ETC1aClient'
[2020.03.10-09.16.57:056][  0]LogTemp: Display: Module 'AndroidTargetPlatform' loaded TargetPlatform 'Android_ETC2Client'
[2020.03.10-09.16.57:056][  0]LogTemp: Display: Module 'AndroidTargetPlatform' loaded TargetPlatform 'Android_PVRTCClient'
[2020.03.10-09.16.57:056][  0]LogTemp: Display: Module 'AndroidTargetPlatform' loaded TargetPlatform 'Android_Multi'
[2020.03.10-09.16.57:056][  0]LogTemp: Display: Module 'AndroidTargetPlatform' loaded TargetPlatform 'Android_MultiClient'
[2020.03.10-09.16.57:059][  0]LogTemp: Display: Module 'HTML5TargetPlatform' loaded TargetPlatform 'HTML5'
[2020.03.10-09.16.57:123][  0]LogTemp: Display: Module 'IOSTargetPlatform' loaded TargetPlatform 'IOSClient'
[2020.03.10-09.16.57:123][  0]LogTemp: Display: Module 'IOSTargetPlatform' loaded TargetPlatform 'IOS'
[2020.03.10-09.16.57:146][  0]LogTemp: Display: Module 'TVOSTargetPlatform' loaded TargetPlatform 'TVOSClient'
[2020.03.10-09.16.57:146][  0]LogTemp: Display: Module 'TVOSTargetPlatform' loaded TargetPlatform 'TVOS'
[2020.03.10-09.16.57:158][  0]LogTemp: Display: Module 'LinuxClientTargetPlatform' loaded TargetPlatform 'LinuxClient'
[2020.03.10-09.16.57:170][  0]LogTemp: Display: Module 'LinuxNoEditorTargetPlatform' loaded TargetPlatform 'LinuxNoEditor'
[2020.03.10-09.16.57:182][  0]LogTemp: Display: Module 'LinuxServerTargetPlatform' loaded TargetPlatform 'LinuxServer'
[2020.03.10-09.16.57:206][  0]LogTemp: Display: Module 'LinuxTargetPlatform' loaded TargetPlatform 'Linux'
[2020.03.10-09.16.57:255][  0]LogTemp: Display: Module 'LuminTargetPlatform' loaded TargetPlatform 'Lumin'
[2020.03.10-09.16.57:255][  0]LogTemp: Display: Module 'LuminTargetPlatform' loaded TargetPlatform 'LuminClient'
[2020.03.10-09.16.57:256][  0]LogTargetPlatformManager: Display: Building Assets For Windows
[2020.03.10-09.16.57:268][  0]LogAudioDebug: Display: Lib vorbis DLL was dynamically loaded.
[2020.03.10-09.16.57:361][  0]LogShaderCompilers: Guid format shader working directory is -2 characters bigger than the processId version (D:/Master/GART250/z.Unreal/GART250/GART250 - Office/Intermediate/Shaders/WorkingDirectory/9564/).
[2020.03.10-09.16.57:361][  0]LogShaderCompilers: Cleaned the shader compiler working directory 'C:/Users/eg215252/AppData/Local/Temp/UnrealShaderWorkingDir/08A9C9A64E9B93B8F54EAEABB9FB627C/'.
[2020.03.10-09.16.57:376][  0]LogShaderCompilers: Display: Using XGE Shader Compiler (Interception Interface).
[2020.03.10-09.17.00:275][  0]LogDerivedDataCache: Display: Max Cache Size: 512 MB
[2020.03.10-09.17.00:327][  0]LogDerivedDataCache: Loaded boot cache 0.05s 71MB C:/Users/eg215252/AppData/Local/UnrealEngine/4.22/DerivedDataCache/Boot.ddc.
[2020.03.10-09.17.00:327][  0]LogDerivedDataCache: Display: Loaded Boot cache: C:/Users/eg215252/AppData/Local/UnrealEngine/4.22/DerivedDataCache/Boot.ddc
[2020.03.10-09.17.00:327][  0]LogDerivedDataCache: FDerivedDataBackendGraph:  Pak pak cache file D:/Master/GART250/z.Unreal/GART250/GART250 - Office/DerivedDataCache/DDC.ddp not found, will not use a pak cache.
[2020.03.10-09.17.00:327][  0]LogDerivedDataCache: Unable to find inner node Pak for hierarchical cache Hierarchy.
[2020.03.10-09.17.00:327][  0]LogDerivedDataCache: FDerivedDataBackendGraph:  CompressedPak pak cache file D:/Master/GART250/z.Unreal/GART250/GART250 - Office/DerivedDataCache/Compressed.ddp not found, will not use a pak cache.
[2020.03.10-09.17.00:327][  0]LogDerivedDataCache: Unable to find inner node CompressedPak for hierarchical cache Hierarchy.
[2020.03.10-09.17.00:354][  0]LogDerivedDataCache: Display: Pak cache opened for reading ../../../Engine/DerivedDataCache/Compressed.ddp.
[2020.03.10-09.17.00:354][  0]LogDerivedDataCache: FDerivedDataBackendGraph:  EnterprisePak pak cache file ../../../Enterprise/DerivedDataCache/Compressed.ddp not found, will not use a pak cache.
[2020.03.10-09.17.00:354][  0]LogDerivedDataCache: Unable to find inner node EnterprisePak for hierarchical cache Hierarchy.
[2020.03.10-09.17.00:367][  0]LogDerivedDataCache: Using Local data cache path C:/Users/eg215252/AppData/Local/UnrealEngine/Common/DerivedDataCache: Writable
[2020.03.10-09.17.00:367][  0]LogDerivedDataCache: Shared data cache path not found in *engine.ini, will not use an Shared cache.
[2020.03.10-09.17.00:367][  0]LogDerivedDataCache: Unable to find inner node Shared for hierarchical cache Hierarchy.
[2020.03.10-09.17.00:393][  0]LogMaterial: Verifying Global Shaders for PCD3D_SM5
[2020.03.10-09.17.00:394][  0]LogSlate: Using FreeType 2.6.0
[2020.03.10-09.17.00:421][  0]LogSlate: SlateFontServices - WITH_FREETYPE: 1, WITH_HARFBUZZ: 1
[2020.03.10-09.17.00:862][  0]LogAssetRegistry: FAssetRegistry took 0.0330 seconds to start up
[2020.03.10-09.17.01:231][  0]LogInit: Selected Device Profile: [Windows]
[2020.03.10-09.17.01:514][  0]LogMeshReduction: Using QuadricMeshReduction for automatic static mesh reduction
[2020.03.10-09.17.01:514][  0]LogMeshReduction: Using SimplygonMeshReduction for automatic skeletal mesh reduction
[2020.03.10-09.17.01:514][  0]LogMeshReduction: Using ProxyLODMeshReduction for automatic mesh merging
[2020.03.10-09.17.01:514][  0]LogMeshReduction: No distributed automatic mesh merging module available
[2020.03.10-09.17.01:514][  0]LogMeshMerging: No distributed automatic mesh merging module available
[2020.03.10-09.17.01:564][  0]LogNetVersion: MyProject 1.0.0, NetCL: 5660361, EngineNetVer: 10, GameNetVer: 0 (Checksum: 2788865488)
[2020.03.10-09.17.02:972][  0]LogPackageLocalizationCache: Processed 10 localized package path(s) for 1 prioritized culture(s) in 0.102628 seconds
[2020.03.10-09.17.02:980][  0]LogUObjectArray: 42205 objects as part of root set at end of initial load.
[2020.03.10-09.17.02:980][  0]LogUObjectAllocator: 7325032 out of 0 bytes used by permanent object pool.
[2020.03.10-09.17.02:980][  0]LogUObjectArray: CloseDisregardForGC: 0/0 objects in disregard for GC pool
[2020.03.10-09.17.11:169][  0]LogTcpMessaging: Initializing TcpMessaging bridge
[2020.03.10-09.17.11:184][  0]LogUdpMessaging: Initializing bridge on interface 0.0.0.0:0 to multicast group 230.0.0.1:6666.
[2020.03.10-09.17.11:320][  0]SourceControl: Source control is disabled
[2020.03.10-09.17.11:320][  0]SourceControl: Source control is disabled
[2020.03.10-09.17.11:321][  0]SourceControl: Source control is disabled
[2020.03.10-09.17.11:323][  0]SourceControl: Source control is disabled
[2020.03.10-09.17.11:475][  0]LogAndroidPermission: UAndroidPermissionCallbackProxy::GetInstance
[2020.03.10-09.17.11:567][  0]LogOcInput: OculusInput pre-init called
[2020.03.10-09.17.13:098][  0]LogEngine: Initializing Engine...
[2020.03.10-09.17.13:100][  0]LogHMD: Failed to initialize OpenVR with code 110
[2020.03.10-09.17.13:101][  0]LogStats: UGameplayTagsManager::InitializeManager -  0.000 s
[2020.03.10-09.17.13:559][  0]LogInit: Initializing FReadOnlyCVARCache
[2020.03.10-09.17.13:577][  0]LogAIModule: Creating AISystem for world Untitled
[2020.03.10-09.17.13:589][  0]LogInit: XAudio2 using 'Speakers / Headphones (Realtek Audio)' : 2 channels at 48 kHz using 32 bits per sample (channel mask 0x3)
[2020.03.10-09.17.13:791][  0]LogInit: FAudioDevice initialized.
[2020.03.10-09.17.13:791][  0]LogNetVersion: Set ProjectVersion to 1.0.0.0. Version Checksum will be recalculated on next use.
[2020.03.10-09.17.14:148][  0]LogDerivedDataCache: Saved boot cache 0.36s 71MB C:/Users/eg215252/AppData/Local/UnrealEngine/4.22/DerivedDataCache/Boot.ddc.
[2020.03.10-09.17.14:161][  0]LogInit: Texture streaming: Enabled
[2020.03.10-09.17.14:185][  0]LogEngineSessionManager: EngineSessionManager initialized
[2020.03.10-09.17.14:374][  0]LogLauncherPlatform: Warning: FPlatformProcess::LaunchURL had an error: Failed launching URL
[2020.03.10-09.17.14:499][  0]LogInit: Transaction tracking system initialized
[2020.03.10-09.17.14:530][  0]BlueprintLog: New page: Editor Load
[2020.03.10-09.17.14:646][  0]LocalizationService: Localization service is disabled
[2020.03.10-09.17.15:633][  0]LogFileCache: Scanning file cache for directory 'D:/Master/GART250/z.Unreal/GART250/GART250 - Office/Content/' took 0.02s
[2020.03.10-09.17.15:633][  0]LogCook: Display: Max memory allowance for cook 16384mb min free memory 0mb
[2020.03.10-09.17.15:633][  0]LogCook: Display: Mobile HDR setting 1
[2020.03.10-09.17.16:184][  0]SourceControl: Source control is disabled
[2020.03.10-09.17.16:184][  0]Cmd: MAP LOAD FILE="D:/Master/GART250/z.Unreal/GART250/GART250 - Office/Content/StarterContent/Maps/Minimal_Default.umap" TEMPLATE=0 SHOWPROGRESS=1 FEATURELEVEL=3
[2020.03.10-09.17.16:184][  0]LogEditorServer: Warning: Can't find file 'D:/Master/GART250/z.Unreal/GART250/GART250 - Office/Content/StarterContent/Maps/Minimal_Default.umap'
[2020.03.10-09.17.16:184][  0]Cmd: MAP CHECKDEP NOCLEARLOG
[2020.03.10-09.17.16:184][  0]MapCheck: Map check complete: 0 Error(s), 0 Warning(s), took 0.097ms to complete.
[2020.03.10-09.17.16:184][  0]LogFileHelpers: Loading map 'Minimal_Default' took 0.000
[2020.03.10-09.17.16:652][  0]LogSlate: Updating window title bar state: overlay mode, drag disabled, window buttons hidden, title bar hidden
[2020.03.10-09.17.16:660][  0]LogSlate: Updating window title bar state: overlay mode, drag disabled, window buttons hidden, title bar hidden
[2020.03.10-09.17.16:670][  0]LogSlate: Updating window title bar state: overlay mode, drag disabled, window buttons hidden, title bar hidden
[2020.03.10-09.17.16:677][  0]LogSlate: Updating window title bar state: overlay mode, drag disabled, window buttons hidden, title bar hidden
[2020.03.10-09.17.16:768][  0]LogCollectionManager: Loaded 0 collections in 0.001844 seconds
[2020.03.10-09.17.16:827][  0]LogFileCache: Scanning file cache for directory 'D:/Master/GART250/z.Unreal/GART250/GART250 - Office/Saved/Collections/' took 0.01s
[2020.03.10-09.17.16:827][  0]LogFileCache: Scanning file cache for directory 'D:/Master/GART250/z.Unreal/GART250/GART250 - Office/Content/Developers/eg215252/Collections/' took 0.00s
[2020.03.10-09.17.16:827][  0]LogFileCache: Scanning file cache for directory 'D:/Master/GART250/z.Unreal/GART250/GART250 - Office/Content/Collections/' took 0.00s
[2020.03.10-09.17.16:827][  0]LogCollectionManager: Rebuilt the GUID cache for 0 collections in 0.000000 seconds
[2020.03.10-09.17.16:836][  0]LogContentBrowser: Native class hierarchy populated in 0.0088 seconds. Added 2732 classes and 659 folders.
[2020.03.10-09.17.17:023][  0]LogContentBrowser: Native class hierarchy updated for 'WidgetCarousel' in 0.0003 seconds. Added 0 classes and 0 folders.
[2020.03.10-09.17.17:271][  0]LogPakFile: Registered encryption key '00000000000000000000000000000000': 0 pak files mounted, 0 remain pending
[2020.03.10-09.17.17:318][  0]LogPakFile: Registered encryption key '00000000000000000000000000000000': 0 pak files mounted, 0 remain pending
[2020.03.10-09.17.17:389][  0]LogPakFile: Registered encryption key '00000000000000000000000000000000': 0 pak files mounted, 0 remain pending
[2020.03.10-09.17.17:555][  0]LogPakFile: Registered encryption key '00000000000000000000000000000000': 0 pak files mounted, 0 remain pending
[2020.03.10-09.17.17:582][  0]LogPakFile: Registered encryption key '00000000000000000000000000000000': 0 pak files mounted, 0 remain pending
[2020.03.10-09.17.17:597][  0]LogPakFile: Registered encryption key '00000000000000000000000000000000': 0 pak files mounted, 0 remain pending
[2020.03.10-09.17.17:614][  0]LogPakFile: Registered encryption key '00000000000000000000000000000000': 0 pak files mounted, 0 remain pending
[2020.03.10-09.17.17:632][  0]LogPakFile: Registered encryption key '00000000000000000000000000000000': 0 pak files mounted, 0 remain pending
[2020.03.10-09.17.17:651][  0]LogPakFile: Registered encryption key '00000000000000000000000000000000': 0 pak files mounted, 0 remain pending
[2020.03.10-09.17.17:667][  0]LogPakFile: Registered encryption key '00000000000000000000000000000000': 0 pak files mounted, 0 remain pending
[2020.03.10-09.17.17:675][  0]LogPakFile: Registered encryption key '00000000000000000000000000000000': 0 pak files mounted, 0 remain pending
[2020.03.10-09.17.17:696][  0]LogPakFile: Registered encryption key '00000000000000000000000000000000': 0 pak files mounted, 0 remain pending
[2020.03.10-09.17.17:714][  0]LogPakFile: Registered encryption key '00000000000000000000000000000000': 0 pak files mounted, 0 remain pending
[2020.03.10-09.17.17:732][  0]LogPakFile: Registered encryption key '00000000000000000000000000000000': 0 pak files mounted, 0 remain pending
[2020.03.10-09.17.17:754][  0]LogPakFile: Registered encryption key '00000000000000000000000000000000': 0 pak files mounted, 0 remain pending
[2020.03.10-09.17.17:823][  0]LogPakFile: Registered encryption key '00000000000000000000000000000000': 0 pak files mounted, 0 remain pending
[2020.03.10-09.17.17:876][  0]LogPakFile: Registered encryption key '00000000000000000000000000000000': 0 pak files mounted, 0 remain pending
[2020.03.10-09.17.17:897][  0]LogPakFile: Registered encryption key '00000000000000000000000000000000': 0 pak files mounted, 0 remain pending
[2020.03.10-09.17.17:913][  0]LogPakFile: Registered encryption key '00000000000000000000000000000000': 0 pak files mounted, 0 remain pending
[2020.03.10-09.17.17:928][  0]LogPakFile: Registered encryption key '00000000000000000000000000000000': 0 pak files mounted, 0 remain pending
[2020.03.10-09.17.17:946][  0]LogPakFile: Registered encryption key '00000000000000000000000000000000': 0 pak files mounted, 0 remain pending
[2020.03.10-09.17.17:958][  0]LogPakFile: Registered encryption key '00000000000000000000000000000000': 0 pak files mounted, 0 remain pending
[2020.03.10-09.17.17:981][  0]LogPakFile: Registered encryption key '00000000000000000000000000000000': 0 pak files mounted, 0 remain pending
[2020.03.10-09.17.17:996][  0]LogPakFile: Registered encryption key '00000000000000000000000000000000': 0 pak files mounted, 0 remain pending
[2020.03.10-09.17.18:086][  0]LogPakFile: Registered encryption key '00000000000000000000000000000000': 0 pak files mounted, 0 remain pending
[2020.03.10-09.17.18:107][  0]LogPakFile: Registered encryption key '00000000000000000000000000000000': 0 pak files mounted, 0 remain pending
[2020.03.10-09.17.19:156][  0]LogContentBrowser: Native class hierarchy updated for 'AddContentDialog' in 0.0003 seconds. Added 0 classes and 0 folders.
[2020.03.10-09.17.19:183][  0]LogContentBrowser: Native class hierarchy updated for 'SceneOutliner' in 0.0002 seconds. Added 1 classes and 2 folders.
[2020.03.10-09.17.19:455][  0]LogSlate: Took 0.008041 seconds to synchronously load lazily loaded font '../../../Engine/Content/Slate/Fonts/Roboto-Regular.ttf' (155K)
[2020.03.10-09.17.19:464][  0]LogSlate: Took 0.007977 seconds to synchronously load lazily loaded font '../../../Engine/Content/Slate/Fonts/Roboto-Bold.ttf' (160K)
[2020.03.10-09.17.19:491][  0]LogSlate: Took 0.023131 seconds to synchronously load lazily loaded font '../../../Engine/Content/Editor/Slate/Fonts/FontAwesome.ttf' (139K)
[2020.03.10-09.17.19:940][  0]LogRenderer: Reallocating scene render targets to support 1208x612 Format 10 NumSamples 1 (Frame:1).
[2020.03.10-09.17.20:071][  0]LogContentBrowser: Native class hierarchy updated for 'HierarchicalLODOutliner' in 0.0003 seconds. Added 0 classes and 0 folders.
[2020.03.10-09.17.20:071][  0]LogLoad: (Engine Initialization) Total time: 34.23 seconds
[2020.03.10-09.17.20:071][  0]LogLoad: (Engine Initialization) Total Blueprint compile time: 0.00 seconds
[2020.03.10-09.17.20:147][  0]LogContentStreaming: Texture pool size now 1000 MB
[2020.03.10-09.17.20:276][  1]LogAssetRegistry: Asset discovery search completed in 19.4462 seconds
[2020.03.10-09.17.20:291][  1]LogCollectionManager: Rebuilt the object cache for 0 collections in 0.000000 seconds (found 0 objects)
[2020.03.10-09.17.20:291][  1]LogCollectionManager: Fixed up redirectors for 0 collections in 0.000058 seconds (updated 0 objects)
[2020.03.10-09.17.24:286][473]LogSlate: Took 0.025842 seconds to synchronously load lazily loaded font '../../../Engine/Content/Slate/Fonts/Roboto-Light.ttf' (167K)
[2020.03.10-09.17.51:039][608]LogSlate: FSceneViewport::OnFocusLost() reason 0
[2020.03.10-09.17.52:320][752]LogSlate: Took 0.000315 seconds to synchronously load lazily loaded font '../../../Engine/Content/Slate/Fonts/Roboto-Light.ttf' (167K)
[2020.03.10-09.18.00:508][752]LogAIModule: Creating AISystem for world GART250_NewLayout
[2020.03.10-09.18.00:535][752]LogAssetEditorManager: Opening Asset editor for World /Game/GART250_NewLayout.GART250_NewLayout
[2020.03.10-09.18.00:620][752]LogUObjectHash: Compacting FUObjectHashTables data took   1.60ms
[2020.03.10-09.18.00:621][752]Cmd: MAP LOAD FILE="D:/Master/GART250/z.Unreal/GART250/GART250 - Office/Content/GART250_NewLayout.umap" TEMPLATE=0 SHOWPROGRESS=1 FEATURELEVEL=3
[2020.03.10-09.18.00:621][752]LightingResults: New page: Lighting Build
[2020.03.10-09.18.00:624][752]LogContentBrowser: Native class hierarchy updated for 'StatsViewer' in 0.0002 seconds. Added 5 classes and 0 folders.
[2020.03.10-09.18.00:625][752]LoadErrors: New page: Loading map: GART250_NewLayout.umap
[2020.03.10-09.18.00:626][752]MapCheck: New page: Map Check
[2020.03.10-09.18.00:626][752]LightingResults: New page: Lighting Build
[2020.03.10-09.18.00:649][752]LogUObjectHash: Compacting FUObjectHashTables data took   1.39ms
[2020.03.10-09.18.00:697][752]LogEditorServer: Finished looking for orphan Actors (0.000 secs)
[2020.03.10-09.18.00:723][752]LogUObjectHash: Compacting FUObjectHashTables data took   0.94ms
[2020.03.10-09.18.00:749][752]Cmd: MAP CHECKDEP NOCLEARLOG
[2020.03.10-09.18.00:751][752]MapCheck: Map check complete: 0 Error(s), 0 Warning(s), took 1.96ms to complete.
[2020.03.10-09.18.00:751][752]LogFileHelpers: Loading map 'GART250_NewLayout' took 0.131
[2020.03.10-09.50.11:219][ 88]LogSlate: FSceneViewport::OnFocusLost() reason 0
[2020.03.10-09.52.35:337][831]LogSlate: FSceneViewport::OnFocusLost() reason 0
[2020.03.10-09.54.51:282][ 84]LogEditorViewport: Clicking on Actor (LMB): StaticMeshActor (SM_Walls_Conference)
[2020.03.10-09.54.55:368][409]LogSlate: FSceneViewport::OnFocusLost() reason 0
[2020.03.10-09.55.01:257][951]LogSlate: FSceneViewport::OnFocusLost() reason 0
[2020.03.10-09.55.16:335][395]Cmd: TRANSACTION UNDO
[2020.03.10-09.55.16:335][395]LogEditorTransaction: Undo Create Actors
[2020.03.10-09.55.17:296][458]LogSlate: FSceneViewport::OnFocusLost() reason 0
[2020.03.10-09.55.18:944][613]LogSlate: FSceneViewport::OnFocusLost() reason 0
[2020.03.10-09.56.18:564][782]LogUObjectHash: Compacting FUObjectHashTables data took   1.97ms
[2020.03.10-09.56.18:998][782]LogSavePackage: Moving 'D:/Master/GART250/z.Unreal/GART250/GART250 - Office/Saved/GART250_NewLayout_Auto1F9626E0240E21E332FF375ACCA91337E.tmp' to 'D:/Master/GART250/z.Unreal/GART250/GART250 - Office/Saved/Autosaves/Game/GART250_NewLayout_Auto1.umap'
[2020.03.10-09.56.19:007][782]LogFileHelpers: Editor autosave (incl. sublevels) for '/Game/GART250_NewLayout' took 0.471
[2020.03.10-09.56.19:007][782]LogFileHelpers: Editor autosave (incl. sublevels) for all levels took 0.471
[2020.03.10-10.42.47:869][226]LogSlate: FSceneViewport::OnFocusLost() reason 0
[2020.03.10-11.03.08:616][572]LogSlate: FSceneViewport::OnFocusLost() reason 0
[2020.03.10-11.03.26:118][160]LogFactory: FactoryCreateFile: StaticMesh with FbxFactory (0 0 D:\Master\GART250\Exports\SM_Conference_Ceiling.fbx)
[2020.03.10-11.03.26:252][160]LogFbx: Loading FBX Scene from D:\Master\GART250\Exports\SM_Conference_Ceiling.fbx
[2020.03.10-11.03.26:336][160]LogFbx: FBX Scene Loaded Succesfully
[2020.03.10-11.03.29:795][160]LogSlate: Window 'FBX Import Options' being destroyed
[2020.03.10-11.03.34:566][376]LogEditorFactories: Performing atomic reimport of [D:/Master/GART250/Exports/SM_Conference_Ceiling.fbx]
[2020.03.10-11.03.34:586][376]LogFbx: Loading FBX Scene from D:/Master/GART250/Exports/SM_Conference_Ceiling.fbx
[2020.03.10-11.03.34:591][376]LogFbx: FBX Scene Loaded Succesfully
[2020.03.10-11.03.34:607][376]LogFbx: Display: Triangulating static mesh SM_Conference_Ceiling
[2020.03.10-11.03.34:639][376]LogStaticMesh: Building static mesh SM_Conference_Ceiling...
[2020.03.10-11.03.34:666][376]LogStaticMesh: Built static mesh [0.03s] /Game/Meshes/Structure/SM_Conference_Ceiling.SM_Conference_Ceiling
[2020.03.10-11.03.34:688][376]LogEditorFactories: -- imported successfully
[2020.03.10-11.03.34:691][376]FBXImport: Warning: No smoothing group information was found in this FBX scene.  Please make sure to enable the 'Export Smoothing Groups' option in the FBX Exporter plug-in before exporting the file.  Even for tools that don't support smoothing groups, the FBX Exporter will generate appropriate smoothing data at export-time so that correct vertex normals can be inferred while importing. 
[2020.03.10-11.03.38:971][773]LogEditorViewport: Clicking on Actor (LMB): StaticMeshActor (SM_Conference_Ceiling)
[2020.03.10-11.03.49:918][934]LogEditorViewport: Clicking on Actor (LMB): StaticMeshActor (SM_Conference_Ceiling)
[2020.03.10-11.03.51:841][ 63]LogEditorViewport: Clicking on Actor (LMB): StaticMeshActor (SM_Conference_Ceiling)
[2020.03.10-11.03.54:414][280]LogEditorViewport: Clicking on Actor (LMB): StaticMeshActor (SM_Conference_TVWall)
[2020.03.10-11.03.55:200][337]LogEditorViewport: Clicking on Actor (LMB): StaticMeshActor (SM_Conference_Ceiling)
[2020.03.10-11.03.57:164][437]LogSlate: FSceneViewport::OnFocusLost() reason 0
[2020.03.10-11.04.00:492][676]LogEditorViewport: Clicking on Actor (LMB): StaticMeshActor (SM_Walls_Conference)
[2020.03.10-11.04.01:897][762]LogSlate: FSceneViewport::OnFocusLost() reason 0
[2020.03.10-11.04.06:348][156]LogEditorViewport: Clicking on Actor (LMB): StaticMeshActor (SM_StripLight4)
[2020.03.10-11.04.08:419][353]LogEditorViewport: Clicking on Actor (LMB): StaticMeshActor (SM_StripLight4)
[2020.03.10-11.04.11:289][597]Cmd: TRANSACTION UNDO
[2020.03.10-11.04.11:289][597]LogEditorTransaction: Undo Clicking on Actors
[2020.03.10-11.04.14:451][874]Cmd: TRANSACTION UNDO
[2020.03.10-11.04.14:451][874]LogEditorTransaction: Undo Clicking on Actors
[2020.03.10-11.04.20:947][414]LogEditorViewport: Clicking on Actor (LMB): SpotLight (SpotLight18)
[2020.03.10-11.04.40:184][178]Cmd: TRANSACTION UNDO
[2020.03.10-11.04.40:184][178]LogEditorTransaction: Undo Move Actors
[2020.03.10-11.05.00:082][137]LogSlate: FSceneViewport::OnFocusLost() reason 0
[2020.03.10-11.05.07:555][225]LogFactory: FactoryCreateFile: StaticMesh with FbxFactory (0 0 D:\Master\GART250\Exports\SM_CeilingFan.fbx)
[2020.03.10-11.05.07:563][225]LogFbx: Loading FBX Scene from D:\Master\GART250\Exports\SM_CeilingFan.fbx
[2020.03.10-11.05.07:570][225]LogFbx: FBX Scene Loaded Succesfully
[2020.03.10-11.05.08:708][225]LogSlate: Window 'FBX Import Options' being destroyed
[2020.03.10-11.05.08:762][225]LogFbx: Display: Triangulating static mesh SM_Fan_Base
[2020.03.10-11.05.08:772][225]LogFbx: Display: Triangulating static mesh SM_Fan_Blades
[2020.03.10-11.05.08:830][225]LogStaticMesh: Building static mesh SM_CeilingFan...
[2020.03.10-11.05.08:870][225]LogStaticMesh: Built static mesh [0.04s] /Game/Meshes/Assets/SM_CeilingFan.SM_CeilingFan
[2020.03.10-11.05.08:892][225]FBXImport: Warning: No smoothing group information was found in this FBX scene.  Please make sure to enable the 'Export Smoothing Groups' option in the FBX Exporter plug-in before exporting the file.  Even for tools that don't support smoothing groups, the FBX Exporter will generate appropriate smoothing data at export-time so that correct vertex normals can be inferred while importing. 
[2020.03.10-11.05.10:707][368]LogSlate: Window 'Message Log' being destroyed
[2020.03.10-11.05.10:717][368]LogSlate: Window 'Message Log' being destroyed
[2020.03.10-11.05.11:586][429]LogActorFactory: Actor Factory created SM_CeilingFan
[2020.03.10-11.05.12:470][489]LogActorFactory: Actor Factory created SM_CeilingFan
[2020.03.10-11.05.15:015][686]Cmd: TRANSACTION UNDO
[2020.03.10-11.05.15:015][686]LogEditorTransaction: Undo Create Actors
[2020.03.10-11.05.15:603][708]Cmd: TRANSACTION UNDO
[2020.03.10-11.05.15:603][708]LogEditorTransaction: Undo Move Actors
[2020.03.10-11.05.16:253][738]Cmd: TRANSACTION UNDO
[2020.03.10-11.05.16:253][738]LogEditorTransaction: Undo Clicking on Actors
[2020.03.10-11.05.17:285][785]Cmd: TRANSACTION REDO
[2020.03.10-11.05.17:285][785]LogEditorTransaction: Redo Clicking on Actors
[2020.03.10-11.05.17:480][794]Cmd: TRANSACTION REDO
[2020.03.10-11.05.17:480][794]LogEditorTransaction: Redo Move Actors
[2020.03.10-11.05.18:288][838]LogSlate: FSceneViewport::OnFocusLost() reason 0
[2020.03.10-11.05.19:076][878]LogUObjectHash: Compacting FUObjectHashTables data took   4.01ms
[2020.03.10-11.05.20:091][878]LogSlate: Window 'Delete Assets' being destroyed
[2020.03.10-11.05.20:223][878]LogUObjectHash: Compacting FUObjectHashTables data took   1.81ms
[2020.03.10-11.05.23:671][975]LogFactory: FactoryCreateFile: StaticMesh with FbxFactory (0 0 D:\Master\GART250\Exports\SM_CeilingFan.fbx)
[2020.03.10-11.05.23:679][975]LogFbx: Loading FBX Scene from D:\Master\GART250\Exports\SM_CeilingFan.fbx
[2020.03.10-11.05.23:686][975]LogFbx: FBX Scene Loaded Succesfully
[2020.03.10-11.05.26:964][975]LogSlate: Window 'FBX Import Options' being destroyed
[2020.03.10-11.05.27:051][975]LogFbx: Display: Triangulating static mesh SM_Fan_Base
[2020.03.10-11.05.27:074][975]LogStaticMesh: Building static mesh SM_CeilingFan_SM_Fan_Base...
[2020.03.10-11.05.27:081][975]LogStaticMesh: Built static mesh [0.01s] /Game/Meshes/Assets/SM_CeilingFan_SM_Fan_Base.SM_CeilingFan_SM_Fan_Base
[2020.03.10-11.05.27:091][975]LogFbx: Display: Triangulating static mesh SM_Fan_Blades
[2020.03.10-11.05.27:144][975]LogStaticMesh: Building static mesh SM_CeilingFan_SM_Fan_Blades...
[2020.03.10-11.05.27:180][975]LogStaticMesh: Built static mesh [0.04s] /Game/Meshes/Assets/SM_CeilingFan_SM_Fan_Blades.SM_CeilingFan_SM_Fan_Blades
[2020.03.10-11.05.27:197][975]FBXImport: Warning: No smoothing group information was found in this FBX scene.  Please make sure to enable the 'Export Smoothing Groups' option in the FBX Exporter plug-in before exporting the file.  Even for tools that don't support smoothing groups, the FBX Exporter will generate appropriate smoothing data at export-time so that correct vertex normals can be inferred while importing. 
[2020.03.10-11.05.28:696][ 75]LogSlate: Window 'Message Log' being destroyed
[2020.03.10-11.05.28:704][ 75]LogSlate: Window 'Message Log' being destroyed
[2020.03.10-11.05.30:699][197]LogActorFactory: Actor Factory created SM_CeilingFan_SM_Fan_Base
[2020.03.10-11.05.30:699][197]LogActorFactory: Actor Factory created SM_CeilingFan_SM_Fan_Blades
[2020.03.10-11.05.31:898][292]LogActorFactory: Actor Factory created SM_CeilingFan_SM_Fan_Base
[2020.03.10-11.05.31:916][292]LogActorFactory: Actor Factory created SM_CeilingFan_SM_Fan_Blades
[2020.03.10-11.05.52:475][ 63]LogEditorViewport: Clicking on Actor (LMB): StaticMeshActor (SM_Conference_Ceiling)
[2020.03.10-11.05.53:025][110]LogEditorViewport: Clicking on Actor (LMB): StaticMeshActor (SM_CeilingFan_SM_Fan_Blades2)
[2020.03.10-11.05.57:951][526]Cmd: TRANSACTION UNDO
[2020.03.10-11.05.57:951][526]LogEditorTransaction: Undo Rotate Actors
[2020.03.10-11.06.00:585][751]LogEditorViewport: Clicking on Actor (LMB): StaticMeshActor (SM_CeilingFan_SM_Fan_Blades2)
[2020.03.10-11.06.03:204][993]Cmd: TRANSACTION UNDO
[2020.03.10-11.06.03:204][993]LogEditorTransaction: Undo Rotate Actors
[2020.03.10-11.06.14:839][244]LogSlate: FSceneViewport::OnFocusLost() reason 0
[2020.03.10-11.06.25:237][145]LogSlate: FSceneViewport::OnFocusLost() reason 0
[2020.03.10-11.06.49:428][520]LogSlate: FSceneViewport::OnFocusLost() reason 0
[2020.03.10-11.07.16:695][  3]LogSlate: FSceneViewport::OnFocusLost() reason 2
[2020.03.10-11.07.16:758][  3]LogUObjectHash: Compacting FUObjectHashTables data took   1.57ms
[2020.03.10-11.07.17:089][  3]LogSavePackage: Moving 'D:/Master/GART250/z.Unreal/GART250/GART250 - Office/Saved/GART250_NewLayout_Auto277E924E3480A48B4FBA9C6937F300943.tmp' to 'D:/Master/GART250/z.Unreal/GART250/GART250 - Office/Saved/Autosaves/Game/GART250_NewLayout_Auto2.umap'
[2020.03.10-11.07.17:097][  3]LogFileHelpers: Editor autosave (incl. sublevels) for '/Game/GART250_NewLayout' took 0.363
[2020.03.10-11.07.17:097][  3]LogFileHelpers: Editor autosave (incl. sublevels) for all levels took 0.363
[2020.03.10-11.07.17:099][  3]OBJ SavePackage: Generating thumbnails for [1] asset(s) in package [/Game/Meshes/Structure/SM_Conference_Ceiling] ([1] browsable assets)...
[2020.03.10-11.07.17:141][  3]OBJ SavePackage:     Rendered thumbnail for [StaticMesh /Game/Meshes/Structure/SM_Conference_Ceiling.SM_Conference_Ceiling]
[2020.03.10-11.07.17:141][  3]OBJ SavePackage: Finished generating thumbnails for package [/Game/Meshes/Structure/SM_Conference_Ceiling]
[2020.03.10-11.07.17:188][  3]LogSavePackage: Moving 'D:/Master/GART250/z.Unreal/GART250/GART250 - Office/Saved/SM_Conference_Ceiling_Auto287DF744E49F0923B547E65913A883178.tmp' to 'D:/Master/GART250/z.Unreal/GART250/GART250 - Office/Saved/Autosaves/Game/Meshes/Structure/SM_Conference_Ceiling_Auto2.uasset'
[2020.03.10-11.07.17:189][  3]OBJ SavePackage: Generating thumbnails for [1] asset(s) in package [/Game/Meshes/Assets/SM_CeilingFan_SM_Fan_Blades] ([1] browsable assets)...
[2020.03.10-11.07.17:228][  3]OBJ SavePackage:     Rendered thumbnail for [StaticMesh /Game/Meshes/Assets/SM_CeilingFan_SM_Fan_Blades.SM_CeilingFan_SM_Fan_Blades]
[2020.03.10-11.07.17:229][  3]OBJ SavePackage: Finished generating thumbnails for package [/Game/Meshes/Assets/SM_CeilingFan_SM_Fan_Blades]
[2020.03.10-11.07.17:256][  3]LogSavePackage: Moving 'D:/Master/GART250/z.Unreal/GART250/GART250 - Office/Saved/SM_CeilingFan_SM_Fan_Blades_Auto1FD5A3C541F2D3C1DD930CB399A122E5.tmp' to 'D:/Master/GART250/z.Unreal/GART250/GART250 - Office/Saved/Autosaves/Game/Meshes/Assets/SM_CeilingFan_SM_Fan_Blades_Auto2.uasset'
[2020.03.10-11.07.17:256][  3]OBJ SavePackage: Generating thumbnails for [1] asset(s) in package [/Game/Meshes/Assets/SM_CeilingFan_SM_Fan_Base] ([1] browsable assets)...
[2020.03.10-11.07.17:295][  3]OBJ SavePackage:     Rendered thumbnail for [StaticMesh /Game/Meshes/Assets/SM_CeilingFan_SM_Fan_Base.SM_CeilingFan_SM_Fan_Base]
[2020.03.10-11.07.17:295][  3]OBJ SavePackage: Finished generating thumbnails for package [/Game/Meshes/Assets/SM_CeilingFan_SM_Fan_Base]
[2020.03.10-11.07.17:318][  3]LogSavePackage: Moving 'D:/Master/GART250/z.Unreal/GART250/GART250 - Office/Saved/SM_CeilingFan_SM_Fan_Base_Auto289DB360846DA1BB238BB78AF578E8B97.tmp' to 'D:/Master/GART250/z.Unreal/GART250/GART250 - Office/Saved/Autosaves/Game/Meshes/Assets/SM_CeilingFan_SM_Fan_Base_Auto2.uasset'
[2020.03.10-11.07.17:318][  3]LogFileHelpers: Auto-saving content packages took 0.220
[2020.03.10-11.07.52:024][117]LogSlate: FSceneViewport::OnFocusLost() reason 0
[2020.03.10-11.07.59:862][804]LogSlate: FSceneViewport::OnFocusLost() reason 0
[2020.03.10-11.08.33:184][765]LogSlate: FSceneViewport::OnFocusLost() reason 0
[2020.03.10-11.08.44:130][945]Cmd: TRANSACTION UNDO
[2020.03.10-11.08.44:130][945]LogEditorTransaction: Undo Edit Source Height
[2020.03.10-11.11.31:949][ 60]LogEditorViewport: Clicking on Actor (LMB): StaticMeshActor (SM_CeilingFan_SM_Fan_Blades)
[2020.03.10-11.11.33:472][188]LogSlate: FSceneViewport::OnFocusLost() reason 0
[2020.03.10-11.11.37:461][562]EditorErrors: New page: Actor attachment
[2020.03.10-11.11.38:930][707]EditorErrors: New page: Actor attachment
[2020.03.10-11.11.59:599][776]Cmd: DELETE
[2020.03.10-11.11.59:599][776]Cmd: ACTOR DELETE
[2020.03.10-11.11.59:707][776]LogEditorActor: Deleted Actor: StaticMeshActor
[2020.03.10-11.11.59:733][776]LogUObjectHash: Compacting FUObjectHashTables data took   1.89ms
[2020.03.10-11.11.59:733][776]LogEditorActor: Deleted 1 Actors (0.034 secs)
[2020.03.10-11.12.01:990][980]Cmd: DELETE
[2020.03.10-11.12.01:990][980]Cmd: ACTOR DELETE
[2020.03.10-11.12.01:997][980]LogEditorActor: Deleted Actor: StaticMeshActor
[2020.03.10-11.12.02:019][980]LogUObjectHash: Compacting FUObjectHashTables data took   0.59ms
[2020.03.10-11.12.02:019][980]LogEditorActor: Deleted 1 Actors (0.029 secs)
[2020.03.10-11.12.03:376][106]Cmd: CAMERA ALIGN ACTIVEVIEWPORTONLY
[2020.03.10-11.12.08:297][479]LogSlate: Took 0.014538 seconds to synchronously load lazily loaded font '../../../Engine/Content/Slate/Fonts/Roboto-Italic.ttf' (157K)
[2020.03.10-11.12.09:293][482]LogSlate: FSceneViewport::OnFocusLost() reason 2
[2020.03.10-11.12.57:161][840]LogTemp: Repeating last play command: Selected Viewport
[2020.03.10-11.12.57:182][840]LogBlueprintUserMessages: Early PlayInEditor Detection: Level '/Game/GART250_NewLayout.GART250_NewLayout:PersistentLevel' has LevelScriptBlueprint '/Game/GART250_NewLayout.GART250_NewLayout:PersistentLevel.GART250_NewLayout' with GeneratedClass '/Game/GART250_NewLayout.GART250_NewLayout_C' with ClassGeneratedBy '/Game/GART250_NewLayout.GART250_NewLayout:PersistentLevel.GART250_NewLayout'
[2020.03.10-11.12.57:185][840]LogPlayLevel: PlayLevel: No blueprints needed recompiling
[2020.03.10-11.12.57:195][840]PIE: New page: PIE session: GART250_NewLayout (10 Mar 2020 11:12:57)
[2020.03.10-11.12.57:215][840]LogPlayLevel: Creating play world package: /Game/UEDPIE_0_GART250_NewLayout
[2020.03.10-11.12.57:259][840]LogPlayLevel: PIE: StaticDuplicateObject took: (0.043992s)
[2020.03.10-11.12.57:260][840]LogAIModule: Creating AISystem for world GART250_NewLayout
[2020.03.10-11.12.57:261][840]LogPlayLevel: PIE: World Init took: (0.001608s)
[2020.03.10-11.12.57:261][840]LogPlayLevel: PIE: Created PIE world by copying editor world from /Game/GART250_NewLayout.GART250_NewLayout to /Game/UEDPIE_0_GART250_NewLayout.GART250_NewLayout (0.046001s)
[2020.03.10-11.12.57:283][840]LogUObjectHash: Compacting FUObjectHashTables data took   1.13ms
[2020.03.10-11.12.57:410][840]LogInit: XAudio2 using 'Speakers / Headphones (Realtek Audio)' : 2 channels at 48 kHz using 16 bits per sample (channel mask 0x3)
[2020.03.10-11.12.57:450][840]LogInit: FAudioDevice initialized.
[2020.03.10-11.12.57:502][840]LogLoad: Game class is 'GameModeBase'
[2020.03.10-11.12.57:550][840]LogWorld: Bringing World /Game/UEDPIE_0_GART250_NewLayout.GART250_NewLayout up for play (max tick rate 0) at 2020.03.10-11.12.57
[2020.03.10-11.12.57:551][840]LogWorld: Bringing up level for play took: 0.009919
[2020.03.10-11.12.57:775][840]LogContentBrowser: Native class hierarchy updated for 'MovieSceneCapture' in 0.0013 seconds. Added 20 classes and 0 folders.
[2020.03.10-11.12.57:805][840]PIE: Play in editor start time for /Game/UEDPIE_0_GART250_NewLayout 0.77
[2020.03.10-11.12.57:805][840]LogBlueprintUserMessages: Late PlayInEditor Detection: Level '/Game/GART250_NewLayout.GART250_NewLayout:PersistentLevel' has LevelScriptBlueprint '/Game/GART250_NewLayout.GART250_NewLayout:PersistentLevel.GART250_NewLayout' with GeneratedClass '/Game/GART250_NewLayout.GART250_NewLayout_C' with ClassGeneratedBy '/Game/GART250_NewLayout.GART250_NewLayout:PersistentLevel.GART250_NewLayout'
[2020.03.10-11.12.57:818][840]PIE: Warning: Mobility of /Game/UEDPIE_0_GART250_NewLayout.GART250_NewLayout:PersistentLevel.SM_CeilingFan_SM_Fan_Base_6 : StaticMeshComponent0 has to be 'Movable' if you'd like to move it with RotatingMovementComponent. 
[2020.03.10-11.13.06:973][694]LogBlueprintUserMessages: Early EndPlayMap Detection: Level '/Game/GART250_NewLayout.GART250_NewLayout:PersistentLevel' has LevelScriptBlueprint '/Game/GART250_NewLayout.GART250_NewLayout:PersistentLevel.GART250_NewLayout' with GeneratedClass '/Game/GART250_NewLayout.GART250_NewLayout_C' with ClassGeneratedBy '/Game/GART250_NewLayout.GART250_NewLayout:PersistentLevel.GART250_NewLayout'
[2020.03.10-11.13.06:974][694]LogSlate: Updating window title bar state: overlay mode, drag disabled, window buttons hidden, title bar hidden
[2020.03.10-11.13.07:023][694]LogPlayLevel: Display: Shutting down PIE online subsystems
[2020.03.10-11.13.07:023][694]LogBlueprintUserMessages: Late EndPlayMap Detection: Level '/Game/GART250_NewLayout.GART250_NewLayout:PersistentLevel' has LevelScriptBlueprint '/Game/GART250_NewLayout.GART250_NewLayout:PersistentLevel.GART250_NewLayout' with GeneratedClass '/Game/GART250_NewLayout.GART250_NewLayout_C' with ClassGeneratedBy '/Game/GART250_NewLayout.GART250_NewLayout:PersistentLevel.GART250_NewLayout'
